[2021-01-15 14:16:31] local.ERROR: Please provide a valid cache path. {"exception":"[object] (InvalidArgumentException(code: 0): Please provide a valid cache path. at /home/moha/mohaApp/vendor/laravel/framework/src/Illuminate/View/Compilers/Compiler.php:36)
[stacktrace]
#0 /home/moha/mohaApp/vendor/laravel/framework/src/Illuminate/View/ViewServiceProvider.php(88): Illuminate\\View\\Compilers\\Compiler->__construct()
#1 /home/moha/mohaApp/vendor/laravel/framework/src/Illuminate/Container/Container.php(826): Illuminate\\View\\ViewServiceProvider->Illuminate\\View\\{closure}()
#2 /home/moha/mohaApp/vendor/laravel/framework/src/Illuminate/Container/Container.php(712): Illuminate\\Container\\Container->build()
#3 /home/moha/mohaApp/vendor/laravel/framework/src/Illuminate/Foundation/Application.php(796): Illuminate\\Container\\Container->resolve()
#4 /home/moha/mohaApp/vendor/laravel/framework/src/Illuminate/Container/Container.php(651): Illuminate\\Foundation\\Application->resolve()
#5 /home/moha/mohaApp/vendor/laravel/framework/src/Illuminate/Foundation/Application.php(781): Illuminate\\Container\\Container->make()
#6 /home/moha/mohaApp/vendor/laravel/framework/src/Illuminate/Container/Container.php(1354): Illuminate\\Foundation\\Application->make()
#7 /home/moha/mohaApp/vendor/laravel/framework/src/Illuminate/View/ViewServiceProvider.php(150): Illuminate\\Container\\Container->offsetGet()
#8 [internal function]: Illuminate\\View\\ViewServiceProvider->Illuminate\\View\\{closure}()
#9 /home/moha/mohaApp/vendor/laravel/framework/src/Illuminate/View/Engines/EngineResolver.php(55): call_user_func()
#10 /home/moha/mohaApp/vendor/facade/ignition/src/IgnitionServiceProvider.php(393): Illuminate\\View\\Engines\\EngineResolver->resolve()
#11 /home/moha/mohaApp/vendor/facade/ignition/src/IgnitionServiceProvider.php(125): Facade\\Ignition\\IgnitionServiceProvider->hasCustomViewEnginesRegistered()
#12 /home/moha/mohaApp/vendor/facade/ignition/src/IgnitionServiceProvider.php(84): Facade\\Ignition\\IgnitionServiceProvider->registerViewEngines()
#13 /home/moha/mohaApp/vendor/laravel/framework/src/Illuminate/Container/BoundMethod.php(36): Facade\\Ignition\\IgnitionServiceProvider->boot()
#14 /home/moha/mohaApp/vendor/laravel/framework/src/Illuminate/Container/Util.php(40): Illuminate\\Container\\BoundMethod::Illuminate\\Container\\{closure}()
#15 /home/moha/mohaApp/vendor/laravel/framework/src/Illuminate/Container/BoundMethod.php(93): Illuminate\\Container\\Util::unwrapIfClosure()
#16 /home/moha/mohaApp/vendor/laravel/framework/src/Illuminate/Container/BoundMethod.php(37): Illuminate\\Container\\BoundMethod::callBoundMethod()
#17 /home/moha/mohaApp/vendor/laravel/framework/src/Illuminate/Container/Container.php(610): Illuminate\\Container\\BoundMethod::call()
#18 /home/moha/mohaApp/vendor/laravel/framework/src/Illuminate/Foundation/Application.php(869): Illuminate\\Container\\Container->call()
#19 /home/moha/mohaApp/vendor/laravel/framework/src/Illuminate/Foundation/Application.php(850): Illuminate\\Foundation\\Application->bootProvider()
#20 [internal function]: Illuminate\\Foundation\\Application->Illuminate\\Foundation\\{closure}()
#21 /home/moha/mohaApp/vendor/laravel/framework/src/Illuminate/Foundation/Application.php(851): array_walk()
#22 /home/moha/mohaApp/vendor/laravel/framework/src/Illuminate/Foundation/Bootstrap/BootProviders.php(17): Illuminate\\Foundation\\Application->boot()
#23 /home/moha/mohaApp/vendor/laravel/framework/src/Illuminate/Foundation/Application.php(230): Illuminate\\Foundation\\Bootstrap\\BootProviders->bootstrap()
#24 /home/moha/mohaApp/vendor/laravel/framework/src/Illuminate/Foundation/Console/Kernel.php(310): Illuminate\\Foundation\\Application->bootstrapWith()
#25 /home/moha/mohaApp/vendor/laravel/framework/src/Illuminate/Foundation/Console/Kernel.php(127): Illuminate\\Foundation\\Console\\Kernel->bootstrap()
#26 /home/moha/mohaApp/artisan(37): Illuminate\\Foundation\\Console\\Kernel->handle()
#27 {main}
"} 
[2021-01-15 14:16:47] local.ERROR: Please provide a valid cache path. {"exception":"[object] (InvalidArgumentException(code: 0): Please provide a valid cache path. at /home/moha/mohaApp/vendor/laravel/framework/src/Illuminate/View/Compilers/Compiler.php:36)
[stacktrace]
#0 /home/moha/mohaApp/vendor/laravel/framework/src/Illuminate/View/ViewServiceProvider.php(88): Illuminate\\View\\Compilers\\Compiler->__construct()
#1 /home/moha/mohaApp/vendor/laravel/framework/src/Illuminate/Container/Container.php(826): Illuminate\\View\\ViewServiceProvider->Illuminate\\View\\{closure}()
#2 /home/moha/mohaApp/vendor/laravel/framework/src/Illuminate/Container/Container.php(712): Illuminate\\Container\\Container->build()
#3 /home/moha/mohaApp/vendor/laravel/framework/src/Illuminate/Foundation/Application.php(796): Illuminate\\Container\\Container->resolve()
#4 /home/moha/mohaApp/vendor/laravel/framework/src/Illuminate/Container/Container.php(651): Illuminate\\Foundation\\Application->resolve()
#5 /home/moha/mohaApp/vendor/laravel/framework/src/Illuminate/Foundation/Application.php(781): Illuminate\\Container\\Container->make()
#6 /home/moha/mohaApp/vendor/laravel/framework/src/Illuminate/Container/Container.php(1354): Illuminate\\Foundation\\Application->make()
#7 /home/moha/mohaApp/vendor/laravel/framework/src/Illuminate/View/ViewServiceProvider.php(150): Illuminate\\Container\\Container->offsetGet()
#8 [internal function]: Illuminate\\View\\ViewServiceProvider->Illuminate\\View\\{closure}()
#9 /home/moha/mohaApp/vendor/laravel/framework/src/Illuminate/View/Engines/EngineResolver.php(55): call_user_func()
#10 /home/moha/mohaApp/vendor/facade/ignition/src/IgnitionServiceProvider.php(393): Illuminate\\View\\Engines\\EngineResolver->resolve()
#11 /home/moha/mohaApp/vendor/facade/ignition/src/IgnitionServiceProvider.php(125): Facade\\Ignition\\IgnitionServiceProvider->hasCustomViewEnginesRegistered()
#12 /home/moha/mohaApp/vendor/facade/ignition/src/IgnitionServiceProvider.php(84): Facade\\Ignition\\IgnitionServiceProvider->registerViewEngines()
#13 /home/moha/mohaApp/vendor/laravel/framework/src/Illuminate/Container/BoundMethod.php(36): Facade\\Ignition\\IgnitionServiceProvider->boot()
#14 /home/moha/mohaApp/vendor/laravel/framework/src/Illuminate/Container/Util.php(40): Illuminate\\Container\\BoundMethod::Illuminate\\Container\\{closure}()
#15 /home/moha/mohaApp/vendor/laravel/framework/src/Illuminate/Container/BoundMethod.php(93): Illuminate\\Container\\Util::unwrapIfClosure()
#16 /home/moha/mohaApp/vendor/laravel/framework/src/Illuminate/Container/BoundMethod.php(37): Illuminate\\Container\\BoundMethod::callBoundMethod()
#17 /home/moha/mohaApp/vendor/laravel/framework/src/Illuminate/Container/Container.php(610): Illuminate\\Container\\BoundMethod::call()
#18 /home/moha/mohaApp/vendor/laravel/framework/src/Illuminate/Foundation/Application.php(869): Illuminate\\Container\\Container->call()
#19 /home/moha/mohaApp/vendor/laravel/framework/src/Illuminate/Foundation/Application.php(850): Illuminate\\Foundation\\Application->bootProvider()
#20 [internal function]: Illuminate\\Foundation\\Application->Illuminate\\Foundation\\{closure}()
#21 /home/moha/mohaApp/vendor/laravel/framework/src/Illuminate/Foundation/Application.php(851): array_walk()
#22 /home/moha/mohaApp/vendor/laravel/framework/src/Illuminate/Foundation/Bootstrap/BootProviders.php(17): Illuminate\\Foundation\\Application->boot()
#23 /home/moha/mohaApp/vendor/laravel/framework/src/Illuminate/Foundation/Application.php(230): Illuminate\\Foundation\\Bootstrap\\BootProviders->bootstrap()
#24 /home/moha/mohaApp/vendor/laravel/framework/src/Illuminate/Foundation/Console/Kernel.php(310): Illuminate\\Foundation\\Application->bootstrapWith()
#25 /home/moha/mohaApp/vendor/laravel/framework/src/Illuminate/Foundation/Console/Kernel.php(127): Illuminate\\Foundation\\Console\\Kernel->bootstrap()
#26 /home/moha/mohaApp/artisan(37): Illuminate\\Foundation\\Console\\Kernel->handle()
#27 {main}
"} 
[2021-01-15 14:16:53] local.ERROR: Please provide a valid cache path. {"exception":"[object] (InvalidArgumentException(code: 0): Please provide a valid cache path. at /home/moha/mohaApp/vendor/laravel/framework/src/Illuminate/View/Compilers/Compiler.php:36)
[stacktrace]
#0 /home/moha/mohaApp/vendor/laravel/framework/src/Illuminate/View/ViewServiceProvider.php(88): Illuminate\\View\\Compilers\\Compiler->__construct()
#1 /home/moha/mohaApp/vendor/laravel/framework/src/Illuminate/Container/Container.php(826): Illuminate\\View\\ViewServiceProvider->Illuminate\\View\\{closure}()
#2 /home/moha/mohaApp/vendor/laravel/framework/src/Illuminate/Container/Container.php(712): Illuminate\\Container\\Container->build()
#3 /home/moha/mohaApp/vendor/laravel/framework/src/Illuminate/Foundation/Application.php(796): Illuminate\\Container\\Container->resolve()
#4 /home/moha/mohaApp/vendor/laravel/framework/src/Illuminate/Container/Container.php(651): Illuminate\\Foundation\\Application->resolve()
#5 /home/moha/mohaApp/vendor/laravel/framework/src/Illuminate/Foundation/Application.php(781): Illuminate\\Container\\Container->make()
#6 /home/moha/mohaApp/vendor/laravel/framework/src/Illuminate/Container/Container.php(1354): Illuminate\\Foundation\\Application->make()
#7 /home/moha/mohaApp/vendor/laravel/framework/src/Illuminate/View/ViewServiceProvider.php(150): Illuminate\\Container\\Container->offsetGet()
#8 [internal function]: Illuminate\\View\\ViewServiceProvider->Illuminate\\View\\{closure}()
#9 /home/moha/mohaApp/vendor/laravel/framework/src/Illuminate/View/Engines/EngineResolver.php(55): call_user_func()
#10 /home/moha/mohaApp/vendor/facade/ignition/src/IgnitionServiceProvider.php(393): Illuminate\\View\\Engines\\EngineResolver->resolve()
#11 /home/moha/mohaApp/vendor/facade/ignition/src/IgnitionServiceProvider.php(125): Facade\\Ignition\\IgnitionServiceProvider->hasCustomViewEnginesRegistered()
#12 /home/moha/mohaApp/vendor/facade/ignition/src/IgnitionServiceProvider.php(84): Facade\\Ignition\\IgnitionServiceProvider->registerViewEngines()
#13 /home/moha/mohaApp/vendor/laravel/framework/src/Illuminate/Container/BoundMethod.php(36): Facade\\Ignition\\IgnitionServiceProvider->boot()
#14 /home/moha/mohaApp/vendor/laravel/framework/src/Illuminate/Container/Util.php(40): Illuminate\\Container\\BoundMethod::Illuminate\\Container\\{closure}()
#15 /home/moha/mohaApp/vendor/laravel/framework/src/Illuminate/Container/BoundMethod.php(93): Illuminate\\Container\\Util::unwrapIfClosure()
#16 /home/moha/mohaApp/vendor/laravel/framework/src/Illuminate/Container/BoundMethod.php(37): Illuminate\\Container\\BoundMethod::callBoundMethod()
#17 /home/moha/mohaApp/vendor/laravel/framework/src/Illuminate/Container/Container.php(610): Illuminate\\Container\\BoundMethod::call()
#18 /home/moha/mohaApp/vendor/laravel/framework/src/Illuminate/Foundation/Application.php(869): Illuminate\\Container\\Container->call()
#19 /home/moha/mohaApp/vendor/laravel/framework/src/Illuminate/Foundation/Application.php(850): Illuminate\\Foundation\\Application->bootProvider()
#20 [internal function]: Illuminate\\Foundation\\Application->Illuminate\\Foundation\\{closure}()
#21 /home/moha/mohaApp/vendor/laravel/framework/src/Illuminate/Foundation/Application.php(851): array_walk()
#22 /home/moha/mohaApp/vendor/laravel/framework/src/Illuminate/Foundation/Bootstrap/BootProviders.php(17): Illuminate\\Foundation\\Application->boot()
#23 /home/moha/mohaApp/vendor/laravel/framework/src/Illuminate/Foundation/Application.php(230): Illuminate\\Foundation\\Bootstrap\\BootProviders->bootstrap()
#24 /home/moha/mohaApp/vendor/laravel/framework/src/Illuminate/Foundation/Http/Kernel.php(152): Illuminate\\Foundation\\Application->bootstrapWith()
#25 /home/moha/mohaApp/vendor/laravel/framework/src/Illuminate/Foundation/Http/Kernel.php(136): Illuminate\\Foundation\\Http\\Kernel->bootstrap()
#26 /home/moha/mohaApp/vendor/laravel/framework/src/Illuminate/Foundation/Http/Kernel.php(110): Illuminate\\Foundation\\Http\\Kernel->sendRequestThroughRouter()
#27 /home/moha/mohaApp/public/index.php(52): Illuminate\\Foundation\\Http\\Kernel->handle()
#28 /home/moha/mohaApp/server.php(21): require_once('/home/moha/moha...')
#29 {main}
"} 
[2021-01-15 14:17:34] local.ERROR: Please provide a valid cache path. {"exception":"[object] (InvalidArgumentException(code: 0): Please provide a valid cache path. at /home/moha/mohaApp/vendor/laravel/framework/src/Illuminate/View/Compilers/Compiler.php:36)
[stacktrace]
#0 /home/moha/mohaApp/vendor/laravel/framework/src/Illuminate/View/ViewServiceProvider.php(88): Illuminate\\View\\Compilers\\Compiler->__construct()
#1 /home/moha/mohaApp/vendor/laravel/framework/src/Illuminate/Container/Container.php(826): Illuminate\\View\\ViewServiceProvider->Illuminate\\View\\{closure}()
#2 /home/moha/mohaApp/vendor/laravel/framework/src/Illuminate/Container/Container.php(712): Illuminate\\Container\\Container->build()
#3 /home/moha/mohaApp/vendor/laravel/framework/src/Illuminate/Foundation/Application.php(796): Illuminate\\Container\\Container->resolve()
#4 /home/moha/mohaApp/vendor/laravel/framework/src/Illuminate/Container/Container.php(651): Illuminate\\Foundation\\Application->resolve()
#5 /home/moha/mohaApp/vendor/laravel/framework/src/Illuminate/Foundation/Application.php(781): Illuminate\\Container\\Container->make()
#6 /home/moha/mohaApp/vendor/laravel/framework/src/Illuminate/Container/Container.php(1354): Illuminate\\Foundation\\Application->make()
#7 /home/moha/mohaApp/vendor/laravel/framework/src/Illuminate/View/ViewServiceProvider.php(150): Illuminate\\Container\\Container->offsetGet()
#8 [internal function]: Illuminate\\View\\ViewServiceProvider->Illuminate\\View\\{closure}()
#9 /home/moha/mohaApp/vendor/laravel/framework/src/Illuminate/View/Engines/EngineResolver.php(55): call_user_func()
#10 /home/moha/mohaApp/vendor/facade/ignition/src/IgnitionServiceProvider.php(393): Illuminate\\View\\Engines\\EngineResolver->resolve()
#11 /home/moha/mohaApp/vendor/facade/ignition/src/IgnitionServiceProvider.php(125): Facade\\Ignition\\IgnitionServiceProvider->hasCustomViewEnginesRegistered()
#12 /home/moha/mohaApp/vendor/facade/ignition/src/IgnitionServiceProvider.php(84): Facade\\Ignition\\IgnitionServiceProvider->registerViewEngines()
#13 /home/moha/mohaApp/vendor/laravel/framework/src/Illuminate/Container/BoundMethod.php(36): Facade\\Ignition\\IgnitionServiceProvider->boot()
#14 /home/moha/mohaApp/vendor/laravel/framework/src/Illuminate/Container/Util.php(40): Illuminate\\Container\\BoundMethod::Illuminate\\Container\\{closure}()
#15 /home/moha/mohaApp/vendor/laravel/framework/src/Illuminate/Container/BoundMethod.php(93): Illuminate\\Container\\Util::unwrapIfClosure()
#16 /home/moha/mohaApp/vendor/laravel/framework/src/Illuminate/Container/BoundMethod.php(37): Illuminate\\Container\\BoundMethod::callBoundMethod()
#17 /home/moha/mohaApp/vendor/laravel/framework/src/Illuminate/Container/Container.php(610): Illuminate\\Container\\BoundMethod::call()
#18 /home/moha/mohaApp/vendor/laravel/framework/src/Illuminate/Foundation/Application.php(869): Illuminate\\Container\\Container->call()
#19 /home/moha/mohaApp/vendor/laravel/framework/src/Illuminate/Foundation/Application.php(850): Illuminate\\Foundation\\Application->bootProvider()
#20 [internal function]: Illuminate\\Foundation\\Application->Illuminate\\Foundation\\{closure}()
#21 /home/moha/mohaApp/vendor/laravel/framework/src/Illuminate/Foundation/Application.php(851): array_walk()
#22 /home/moha/mohaApp/vendor/laravel/framework/src/Illuminate/Foundation/Bootstrap/BootProviders.php(17): Illuminate\\Foundation\\Application->boot()
#23 /home/moha/mohaApp/vendor/laravel/framework/src/Illuminate/Foundation/Application.php(230): Illuminate\\Foundation\\Bootstrap\\BootProviders->bootstrap()
#24 /home/moha/mohaApp/vendor/laravel/framework/src/Illuminate/Foundation/Http/Kernel.php(152): Illuminate\\Foundation\\Application->bootstrapWith()
#25 /home/moha/mohaApp/vendor/laravel/framework/src/Illuminate/Foundation/Http/Kernel.php(136): Illuminate\\Foundation\\Http\\Kernel->bootstrap()
#26 /home/moha/mohaApp/vendor/laravel/framework/src/Illuminate/Foundation/Http/Kernel.php(110): Illuminate\\Foundation\\Http\\Kernel->sendRequestThroughRouter()
#27 /home/moha/mohaApp/public/index.php(52): Illuminate\\Foundation\\Http\\Kernel->handle()
#28 /home/moha/mohaApp/server.php(21): require_once('/home/moha/moha...')
#29 {main}
"} 
[2021-01-15 14:19:27] local.ERROR: Please provide a valid cache path. {"exception":"[object] (InvalidArgumentException(code: 0): Please provide a valid cache path. at /home/moha/mohaApp/vendor/laravel/framework/src/Illuminate/View/Compilers/Compiler.php:36)
[stacktrace]
#0 /home/moha/mohaApp/vendor/laravel/framework/src/Illuminate/View/ViewServiceProvider.php(88): Illuminate\\View\\Compilers\\Compiler->__construct()
#1 /home/moha/mohaApp/vendor/laravel/framework/src/Illuminate/Container/Container.php(826): Illuminate\\View\\ViewServiceProvider->Illuminate\\View\\{closure}()
#2 /home/moha/mohaApp/vendor/laravel/framework/src/Illuminate/Container/Container.php(712): Illuminate\\Container\\Container->build()
#3 /home/moha/mohaApp/vendor/laravel/framework/src/Illuminate/Foundation/Application.php(796): Illuminate\\Container\\Container->resolve()
#4 /home/moha/mohaApp/vendor/laravel/framework/src/Illuminate/Container/Container.php(651): Illuminate\\Foundation\\Application->resolve()
#5 /home/moha/mohaApp/vendor/laravel/framework/src/Illuminate/Foundation/Application.php(781): Illuminate\\Container\\Container->make()
#6 /home/moha/mohaApp/vendor/laravel/framework/src/Illuminate/Container/Container.php(1354): Illuminate\\Foundation\\Application->make()
#7 /home/moha/mohaApp/vendor/laravel/framework/src/Illuminate/View/ViewServiceProvider.php(150): Illuminate\\Container\\Container->offsetGet()
#8 [internal function]: Illuminate\\View\\ViewServiceProvider->Illuminate\\View\\{closure}()
#9 /home/moha/mohaApp/vendor/laravel/framework/src/Illuminate/View/Engines/EngineResolver.php(55): call_user_func()
#10 /home/moha/mohaApp/vendor/facade/ignition/src/IgnitionServiceProvider.php(393): Illuminate\\View\\Engines\\EngineResolver->resolve()
#11 /home/moha/mohaApp/vendor/facade/ignition/src/IgnitionServiceProvider.php(125): Facade\\Ignition\\IgnitionServiceProvider->hasCustomViewEnginesRegistered()
#12 /home/moha/mohaApp/vendor/facade/ignition/src/IgnitionServiceProvider.php(84): Facade\\Ignition\\IgnitionServiceProvider->registerViewEngines()
#13 /home/moha/mohaApp/vendor/laravel/framework/src/Illuminate/Container/BoundMethod.php(36): Facade\\Ignition\\IgnitionServiceProvider->boot()
#14 /home/moha/mohaApp/vendor/laravel/framework/src/Illuminate/Container/Util.php(40): Illuminate\\Container\\BoundMethod::Illuminate\\Container\\{closure}()
#15 /home/moha/mohaApp/vendor/laravel/framework/src/Illuminate/Container/BoundMethod.php(93): Illuminate\\Container\\Util::unwrapIfClosure()
#16 /home/moha/mohaApp/vendor/laravel/framework/src/Illuminate/Container/BoundMethod.php(37): Illuminate\\Container\\BoundMethod::callBoundMethod()
#17 /home/moha/mohaApp/vendor/laravel/framework/src/Illuminate/Container/Container.php(610): Illuminate\\Container\\BoundMethod::call()
#18 /home/moha/mohaApp/vendor/laravel/framework/src/Illuminate/Foundation/Application.php(869): Illuminate\\Container\\Container->call()
#19 /home/moha/mohaApp/vendor/laravel/framework/src/Illuminate/Foundation/Application.php(850): Illuminate\\Foundation\\Application->bootProvider()
#20 [internal function]: Illuminate\\Foundation\\Application->Illuminate\\Foundation\\{closure}()
#21 /home/moha/mohaApp/vendor/laravel/framework/src/Illuminate/Foundation/Application.php(851): array_walk()
#22 /home/moha/mohaApp/vendor/laravel/framework/src/Illuminate/Foundation/Bootstrap/BootProviders.php(17): Illuminate\\Foundation\\Application->boot()
#23 /home/moha/mohaApp/vendor/laravel/framework/src/Illuminate/Foundation/Application.php(230): Illuminate\\Foundation\\Bootstrap\\BootProviders->bootstrap()
#24 /home/moha/mohaApp/vendor/laravel/framework/src/Illuminate/Foundation/Http/Kernel.php(152): Illuminate\\Foundation\\Application->bootstrapWith()
#25 /home/moha/mohaApp/vendor/laravel/framework/src/Illuminate/Foundation/Http/Kernel.php(136): Illuminate\\Foundation\\Http\\Kernel->bootstrap()
#26 /home/moha/mohaApp/vendor/laravel/framework/src/Illuminate/Foundation/Http/Kernel.php(110): Illuminate\\Foundation\\Http\\Kernel->sendRequestThroughRouter()
#27 /home/moha/mohaApp/public/index.php(52): Illuminate\\Foundation\\Http\\Kernel->handle()
#28 /home/moha/mohaApp/server.php(21): require_once('/home/moha/moha...')
#29 {main}
"} 
[2021-01-15 14:19:28] local.ERROR: Please provide a valid cache path. {"exception":"[object] (InvalidArgumentException(code: 0): Please provide a valid cache path. at /home/moha/mohaApp/vendor/laravel/framework/src/Illuminate/View/Compilers/Compiler.php:36)
[stacktrace]
#0 /home/moha/mohaApp/vendor/laravel/framework/src/Illuminate/View/ViewServiceProvider.php(88): Illuminate\\View\\Compilers\\Compiler->__construct()
#1 /home/moha/mohaApp/vendor/laravel/framework/src/Illuminate/Container/Container.php(826): Illuminate\\View\\ViewServiceProvider->Illuminate\\View\\{closure}()
#2 /home/moha/mohaApp/vendor/laravel/framework/src/Illuminate/Container/Container.php(712): Illuminate\\Container\\Container->build()
#3 /home/moha/mohaApp/vendor/laravel/framework/src/Illuminate/Foundation/Application.php(796): Illuminate\\Container\\Container->resolve()
#4 /home/moha/mohaApp/vendor/laravel/framework/src/Illuminate/Container/Container.php(651): Illuminate\\Foundation\\Application->resolve()
#5 /home/moha/mohaApp/vendor/laravel/framework/src/Illuminate/Foundation/Application.php(781): Illuminate\\Container\\Container->make()
#6 /home/moha/mohaApp/vendor/laravel/framework/src/Illuminate/Container/Container.php(1354): Illuminate\\Foundation\\Application->make()
#7 /home/moha/mohaApp/vendor/laravel/framework/src/Illuminate/View/ViewServiceProvider.php(150): Illuminate\\Container\\Container->offsetGet()
#8 [internal function]: Illuminate\\View\\ViewServiceProvider->Illuminate\\View\\{closure}()
#9 /home/moha/mohaApp/vendor/laravel/framework/src/Illuminate/View/Engines/EngineResolver.php(55): call_user_func()
#10 /home/moha/mohaApp/vendor/facade/ignition/src/IgnitionServiceProvider.php(393): Illuminate\\View\\Engines\\EngineResolver->resolve()
#11 /home/moha/mohaApp/vendor/facade/ignition/src/IgnitionServiceProvider.php(125): Facade\\Ignition\\IgnitionServiceProvider->hasCustomViewEnginesRegistered()
#12 /home/moha/mohaApp/vendor/facade/ignition/src/IgnitionServiceProvider.php(84): Facade\\Ignition\\IgnitionServiceProvider->registerViewEngines()
#13 /home/moha/mohaApp/vendor/laravel/framework/src/Illuminate/Container/BoundMethod.php(36): Facade\\Ignition\\IgnitionServiceProvider->boot()
#14 /home/moha/mohaApp/vendor/laravel/framework/src/Illuminate/Container/Util.php(40): Illuminate\\Container\\BoundMethod::Illuminate\\Container\\{closure}()
#15 /home/moha/mohaApp/vendor/laravel/framework/src/Illuminate/Container/BoundMethod.php(93): Illuminate\\Container\\Util::unwrapIfClosure()
#16 /home/moha/mohaApp/vendor/laravel/framework/src/Illuminate/Container/BoundMethod.php(37): Illuminate\\Container\\BoundMethod::callBoundMethod()
#17 /home/moha/mohaApp/vendor/laravel/framework/src/Illuminate/Container/Container.php(610): Illuminate\\Container\\BoundMethod::call()
#18 /home/moha/mohaApp/vendor/laravel/framework/src/Illuminate/Foundation/Application.php(869): Illuminate\\Container\\Container->call()
#19 /home/moha/mohaApp/vendor/laravel/framework/src/Illuminate/Foundation/Application.php(850): Illuminate\\Foundation\\Application->bootProvider()
#20 [internal function]: Illuminate\\Foundation\\Application->Illuminate\\Foundation\\{closure}()
#21 /home/moha/mohaApp/vendor/laravel/framework/src/Illuminate/Foundation/Application.php(851): array_walk()
#22 /home/moha/mohaApp/vendor/laravel/framework/src/Illuminate/Foundation/Bootstrap/BootProviders.php(17): Illuminate\\Foundation\\Application->boot()
#23 /home/moha/mohaApp/vendor/laravel/framework/src/Illuminate/Foundation/Application.php(230): Illuminate\\Foundation\\Bootstrap\\BootProviders->bootstrap()
#24 /home/moha/mohaApp/vendor/laravel/framework/src/Illuminate/Foundation/Http/Kernel.php(152): Illuminate\\Foundation\\Application->bootstrapWith()
#25 /home/moha/mohaApp/vendor/laravel/framework/src/Illuminate/Foundation/Http/Kernel.php(136): Illuminate\\Foundation\\Http\\Kernel->bootstrap()
#26 /home/moha/mohaApp/vendor/laravel/framework/src/Illuminate/Foundation/Http/Kernel.php(110): Illuminate\\Foundation\\Http\\Kernel->sendRequestThroughRouter()
#27 /home/moha/mohaApp/public/index.php(52): Illuminate\\Foundation\\Http\\Kernel->handle()
#28 /home/moha/mohaApp/server.php(21): require_once('/home/moha/moha...')
#29 {main}
"} 
[2021-01-15 14:19:39] local.ERROR: Please provide a valid cache path. {"exception":"[object] (InvalidArgumentException(code: 0): Please provide a valid cache path. at /home/moha/mohaApp/vendor/laravel/framework/src/Illuminate/View/Compilers/Compiler.php:36)
[stacktrace]
#0 /home/moha/mohaApp/vendor/laravel/framework/src/Illuminate/View/ViewServiceProvider.php(88): Illuminate\\View\\Compilers\\Compiler->__construct()
#1 /home/moha/mohaApp/vendor/laravel/framework/src/Illuminate/Container/Container.php(826): Illuminate\\View\\ViewServiceProvider->Illuminate\\View\\{closure}()
#2 /home/moha/mohaApp/vendor/laravel/framework/src/Illuminate/Container/Container.php(712): Illuminate\\Container\\Container->build()
#3 /home/moha/mohaApp/vendor/laravel/framework/src/Illuminate/Foundation/Application.php(796): Illuminate\\Container\\Container->resolve()
#4 /home/moha/mohaApp/vendor/laravel/framework/src/Illuminate/Container/Container.php(651): Illuminate\\Foundation\\Application->resolve()
#5 /home/moha/mohaApp/vendor/laravel/framework/src/Illuminate/Foundation/Application.php(781): Illuminate\\Container\\Container->make()
#6 /home/moha/mohaApp/vendor/laravel/framework/src/Illuminate/Container/Container.php(1354): Illuminate\\Foundation\\Application->make()
#7 /home/moha/mohaApp/vendor/laravel/framework/src/Illuminate/View/ViewServiceProvider.php(150): Illuminate\\Container\\Container->offsetGet()
#8 [internal function]: Illuminate\\View\\ViewServiceProvider->Illuminate\\View\\{closure}()
#9 /home/moha/mohaApp/vendor/laravel/framework/src/Illuminate/View/Engines/EngineResolver.php(55): call_user_func()
#10 /home/moha/mohaApp/vendor/facade/ignition/src/IgnitionServiceProvider.php(393): Illuminate\\View\\Engines\\EngineResolver->resolve()
#11 /home/moha/mohaApp/vendor/facade/ignition/src/IgnitionServiceProvider.php(125): Facade\\Ignition\\IgnitionServiceProvider->hasCustomViewEnginesRegistered()
#12 /home/moha/mohaApp/vendor/facade/ignition/src/IgnitionServiceProvider.php(84): Facade\\Ignition\\IgnitionServiceProvider->registerViewEngines()
#13 /home/moha/mohaApp/vendor/laravel/framework/src/Illuminate/Container/BoundMethod.php(36): Facade\\Ignition\\IgnitionServiceProvider->boot()
#14 /home/moha/mohaApp/vendor/laravel/framework/src/Illuminate/Container/Util.php(40): Illuminate\\Container\\BoundMethod::Illuminate\\Container\\{closure}()
#15 /home/moha/mohaApp/vendor/laravel/framework/src/Illuminate/Container/BoundMethod.php(93): Illuminate\\Container\\Util::unwrapIfClosure()
#16 /home/moha/mohaApp/vendor/laravel/framework/src/Illuminate/Container/BoundMethod.php(37): Illuminate\\Container\\BoundMethod::callBoundMethod()
#17 /home/moha/mohaApp/vendor/laravel/framework/src/Illuminate/Container/Container.php(610): Illuminate\\Container\\BoundMethod::call()
#18 /home/moha/mohaApp/vendor/laravel/framework/src/Illuminate/Foundation/Application.php(869): Illuminate\\Container\\Container->call()
#19 /home/moha/mohaApp/vendor/laravel/framework/src/Illuminate/Foundation/Application.php(850): Illuminate\\Foundation\\Application->bootProvider()
#20 [internal function]: Illuminate\\Foundation\\Application->Illuminate\\Foundation\\{closure}()
#21 /home/moha/mohaApp/vendor/laravel/framework/src/Illuminate/Foundation/Application.php(851): array_walk()
#22 /home/moha/mohaApp/vendor/laravel/framework/src/Illuminate/Foundation/Bootstrap/BootProviders.php(17): Illuminate\\Foundation\\Application->boot()
#23 /home/moha/mohaApp/vendor/laravel/framework/src/Illuminate/Foundation/Application.php(230): Illuminate\\Foundation\\Bootstrap\\BootProviders->bootstrap()
#24 /home/moha/mohaApp/vendor/laravel/framework/src/Illuminate/Foundation/Http/Kernel.php(152): Illuminate\\Foundation\\Application->bootstrapWith()
#25 /home/moha/mohaApp/vendor/laravel/framework/src/Illuminate/Foundation/Http/Kernel.php(136): Illuminate\\Foundation\\Http\\Kernel->bootstrap()
#26 /home/moha/mohaApp/vendor/laravel/framework/src/Illuminate/Foundation/Http/Kernel.php(110): Illuminate\\Foundation\\Http\\Kernel->sendRequestThroughRouter()
#27 /home/moha/mohaApp/public/index.php(52): Illuminate\\Foundation\\Http\\Kernel->handle()
#28 /home/moha/mohaApp/server.php(21): require_once('/home/moha/moha...')
#29 {main}
"} 
[2021-01-15 14:19:49] local.ERROR: Please provide a valid cache path. {"exception":"[object] (InvalidArgumentException(code: 0): Please provide a valid cache path. at /home/moha/mohaApp/vendor/laravel/framework/src/Illuminate/View/Compilers/Compiler.php:36)
[stacktrace]
#0 /home/moha/mohaApp/vendor/laravel/framework/src/Illuminate/View/ViewServiceProvider.php(88): Illuminate\\View\\Compilers\\Compiler->__construct()
#1 /home/moha/mohaApp/vendor/laravel/framework/src/Illuminate/Container/Container.php(826): Illuminate\\View\\ViewServiceProvider->Illuminate\\View\\{closure}()
#2 /home/moha/mohaApp/vendor/laravel/framework/src/Illuminate/Container/Container.php(712): Illuminate\\Container\\Container->build()
#3 /home/moha/mohaApp/vendor/laravel/framework/src/Illuminate/Foundation/Application.php(796): Illuminate\\Container\\Container->resolve()
#4 /home/moha/mohaApp/vendor/laravel/framework/src/Illuminate/Container/Container.php(651): Illuminate\\Foundation\\Application->resolve()
#5 /home/moha/mohaApp/vendor/laravel/framework/src/Illuminate/Foundation/Application.php(781): Illuminate\\Container\\Container->make()
#6 /home/moha/mohaApp/vendor/laravel/framework/src/Illuminate/Container/Container.php(1354): Illuminate\\Foundation\\Application->make()
#7 /home/moha/mohaApp/vendor/laravel/framework/src/Illuminate/View/ViewServiceProvider.php(150): Illuminate\\Container\\Container->offsetGet()
#8 [internal function]: Illuminate\\View\\ViewServiceProvider->Illuminate\\View\\{closure}()
#9 /home/moha/mohaApp/vendor/laravel/framework/src/Illuminate/View/Engines/EngineResolver.php(55): call_user_func()
#10 /home/moha/mohaApp/vendor/facade/ignition/src/IgnitionServiceProvider.php(393): Illuminate\\View\\Engines\\EngineResolver->resolve()
#11 /home/moha/mohaApp/vendor/facade/ignition/src/IgnitionServiceProvider.php(125): Facade\\Ignition\\IgnitionServiceProvider->hasCustomViewEnginesRegistered()
#12 /home/moha/mohaApp/vendor/facade/ignition/src/IgnitionServiceProvider.php(84): Facade\\Ignition\\IgnitionServiceProvider->registerViewEngines()
#13 /home/moha/mohaApp/vendor/laravel/framework/src/Illuminate/Container/BoundMethod.php(36): Facade\\Ignition\\IgnitionServiceProvider->boot()
#14 /home/moha/mohaApp/vendor/laravel/framework/src/Illuminate/Container/Util.php(40): Illuminate\\Container\\BoundMethod::Illuminate\\Container\\{closure}()
#15 /home/moha/mohaApp/vendor/laravel/framework/src/Illuminate/Container/BoundMethod.php(93): Illuminate\\Container\\Util::unwrapIfClosure()
#16 /home/moha/mohaApp/vendor/laravel/framework/src/Illuminate/Container/BoundMethod.php(37): Illuminate\\Container\\BoundMethod::callBoundMethod()
#17 /home/moha/mohaApp/vendor/laravel/framework/src/Illuminate/Container/Container.php(610): Illuminate\\Container\\BoundMethod::call()
#18 /home/moha/mohaApp/vendor/laravel/framework/src/Illuminate/Foundation/Application.php(869): Illuminate\\Container\\Container->call()
#19 /home/moha/mohaApp/vendor/laravel/framework/src/Illuminate/Foundation/Application.php(850): Illuminate\\Foundation\\Application->bootProvider()
#20 [internal function]: Illuminate\\Foundation\\Application->Illuminate\\Foundation\\{closure}()
#21 /home/moha/mohaApp/vendor/laravel/framework/src/Illuminate/Foundation/Application.php(851): array_walk()
#22 /home/moha/mohaApp/vendor/laravel/framework/src/Illuminate/Foundation/Bootstrap/BootProviders.php(17): Illuminate\\Foundation\\Application->boot()
#23 /home/moha/mohaApp/vendor/laravel/framework/src/Illuminate/Foundation/Application.php(230): Illuminate\\Foundation\\Bootstrap\\BootProviders->bootstrap()
#24 /home/moha/mohaApp/vendor/laravel/framework/src/Illuminate/Foundation/Http/Kernel.php(152): Illuminate\\Foundation\\Application->bootstrapWith()
#25 /home/moha/mohaApp/vendor/laravel/framework/src/Illuminate/Foundation/Http/Kernel.php(136): Illuminate\\Foundation\\Http\\Kernel->bootstrap()
#26 /home/moha/mohaApp/vendor/laravel/framework/src/Illuminate/Foundation/Http/Kernel.php(110): Illuminate\\Foundation\\Http\\Kernel->sendRequestThroughRouter()
#27 /home/moha/mohaApp/public/index.php(52): Illuminate\\Foundation\\Http\\Kernel->handle()
#28 /home/moha/mohaApp/server.php(21): require_once('/home/moha/moha...')
#29 {main}
"} 
[2021-01-15 14:20:57] local.ERROR: Please provide a valid cache path. {"exception":"[object] (InvalidArgumentException(code: 0): Please provide a valid cache path. at /home/moha/mohaApp/vendor/laravel/framework/src/Illuminate/View/Compilers/Compiler.php:36)
[stacktrace]
#0 /home/moha/mohaApp/vendor/laravel/framework/src/Illuminate/View/ViewServiceProvider.php(88): Illuminate\\View\\Compilers\\Compiler->__construct()
#1 /home/moha/mohaApp/vendor/laravel/framework/src/Illuminate/Container/Container.php(826): Illuminate\\View\\ViewServiceProvider->Illuminate\\View\\{closure}()
#2 /home/moha/mohaApp/vendor/laravel/framework/src/Illuminate/Container/Container.php(712): Illuminate\\Container\\Container->build()
#3 /home/moha/mohaApp/vendor/laravel/framework/src/Illuminate/Foundation/Application.php(796): Illuminate\\Container\\Container->resolve()
#4 /home/moha/mohaApp/vendor/laravel/framework/src/Illuminate/Container/Container.php(651): Illuminate\\Foundation\\Application->resolve()
#5 /home/moha/mohaApp/vendor/laravel/framework/src/Illuminate/Foundation/Application.php(781): Illuminate\\Container\\Container->make()
#6 /home/moha/mohaApp/vendor/laravel/framework/src/Illuminate/Container/Container.php(1354): Illuminate\\Foundation\\Application->make()
#7 /home/moha/mohaApp/vendor/laravel/framework/src/Illuminate/View/ViewServiceProvider.php(150): Illuminate\\Container\\Container->offsetGet()
#8 [internal function]: Illuminate\\View\\ViewServiceProvider->Illuminate\\View\\{closure}()
#9 /home/moha/mohaApp/vendor/laravel/framework/src/Illuminate/View/Engines/EngineResolver.php(55): call_user_func()
#10 /home/moha/mohaApp/vendor/facade/ignition/src/IgnitionServiceProvider.php(393): Illuminate\\View\\Engines\\EngineResolver->resolve()
#11 /home/moha/mohaApp/vendor/facade/ignition/src/IgnitionServiceProvider.php(125): Facade\\Ignition\\IgnitionServiceProvider->hasCustomViewEnginesRegistered()
#12 /home/moha/mohaApp/vendor/facade/ignition/src/IgnitionServiceProvider.php(84): Facade\\Ignition\\IgnitionServiceProvider->registerViewEngines()
#13 /home/moha/mohaApp/vendor/laravel/framework/src/Illuminate/Container/BoundMethod.php(36): Facade\\Ignition\\IgnitionServiceProvider->boot()
#14 /home/moha/mohaApp/vendor/laravel/framework/src/Illuminate/Container/Util.php(40): Illuminate\\Container\\BoundMethod::Illuminate\\Container\\{closure}()
#15 /home/moha/mohaApp/vendor/laravel/framework/src/Illuminate/Container/BoundMethod.php(93): Illuminate\\Container\\Util::unwrapIfClosure()
#16 /home/moha/mohaApp/vendor/laravel/framework/src/Illuminate/Container/BoundMethod.php(37): Illuminate\\Container\\BoundMethod::callBoundMethod()
#17 /home/moha/mohaApp/vendor/laravel/framework/src/Illuminate/Container/Container.php(610): Illuminate\\Container\\BoundMethod::call()
#18 /home/moha/mohaApp/vendor/laravel/framework/src/Illuminate/Foundation/Application.php(869): Illuminate\\Container\\Container->call()
#19 /home/moha/mohaApp/vendor/laravel/framework/src/Illuminate/Foundation/Application.php(850): Illuminate\\Foundation\\Application->bootProvider()
#20 [internal function]: Illuminate\\Foundation\\Application->Illuminate\\Foundation\\{closure}()
#21 /home/moha/mohaApp/vendor/laravel/framework/src/Illuminate/Foundation/Application.php(851): array_walk()
#22 /home/moha/mohaApp/vendor/laravel/framework/src/Illuminate/Foundation/Bootstrap/BootProviders.php(17): Illuminate\\Foundation\\Application->boot()
#23 /home/moha/mohaApp/vendor/laravel/framework/src/Illuminate/Foundation/Application.php(230): Illuminate\\Foundation\\Bootstrap\\BootProviders->bootstrap()
#24 /home/moha/mohaApp/vendor/laravel/framework/src/Illuminate/Foundation/Console/Kernel.php(310): Illuminate\\Foundation\\Application->bootstrapWith()
#25 /home/moha/mohaApp/vendor/laravel/framework/src/Illuminate/Foundation/Console/Kernel.php(127): Illuminate\\Foundation\\Console\\Kernel->bootstrap()
#26 /home/moha/mohaApp/artisan(37): Illuminate\\Foundation\\Console\\Kernel->handle()
#27 {main}
"} 
[2021-01-15 14:22:56] local.ERROR: Please provide a valid cache path. {"exception":"[object] (InvalidArgumentException(code: 0): Please provide a valid cache path. at /home/moha/mohaApp/vendor/laravel/framework/src/Illuminate/View/Compilers/Compiler.php:36)
[stacktrace]
#0 /home/moha/mohaApp/vendor/laravel/framework/src/Illuminate/View/ViewServiceProvider.php(88): Illuminate\\View\\Compilers\\Compiler->__construct()
#1 /home/moha/mohaApp/vendor/laravel/framework/src/Illuminate/Container/Container.php(826): Illuminate\\View\\ViewServiceProvider->Illuminate\\View\\{closure}()
#2 /home/moha/mohaApp/vendor/laravel/framework/src/Illuminate/Container/Container.php(712): Illuminate\\Container\\Container->build()
#3 /home/moha/mohaApp/vendor/laravel/framework/src/Illuminate/Foundation/Application.php(796): Illuminate\\Container\\Container->resolve()
#4 /home/moha/mohaApp/vendor/laravel/framework/src/Illuminate/Container/Container.php(651): Illuminate\\Foundation\\Application->resolve()
#5 /home/moha/mohaApp/vendor/laravel/framework/src/Illuminate/Foundation/Application.php(781): Illuminate\\Container\\Container->make()
#6 /home/moha/mohaApp/vendor/laravel/framework/src/Illuminate/Container/Container.php(1354): Illuminate\\Foundation\\Application->make()
#7 /home/moha/mohaApp/vendor/laravel/framework/src/Illuminate/View/ViewServiceProvider.php(150): Illuminate\\Container\\Container->offsetGet()
#8 [internal function]: Illuminate\\View\\ViewServiceProvider->Illuminate\\View\\{closure}()
#9 /home/moha/mohaApp/vendor/laravel/framework/src/Illuminate/View/Engines/EngineResolver.php(55): call_user_func()
#10 /home/moha/mohaApp/vendor/facade/ignition/src/IgnitionServiceProvider.php(393): Illuminate\\View\\Engines\\EngineResolver->resolve()
#11 /home/moha/mohaApp/vendor/facade/ignition/src/IgnitionServiceProvider.php(125): Facade\\Ignition\\IgnitionServiceProvider->hasCustomViewEnginesRegistered()
#12 /home/moha/mohaApp/vendor/facade/ignition/src/IgnitionServiceProvider.php(84): Facade\\Ignition\\IgnitionServiceProvider->registerViewEngines()
#13 /home/moha/mohaApp/vendor/laravel/framework/src/Illuminate/Container/BoundMethod.php(36): Facade\\Ignition\\IgnitionServiceProvider->boot()
#14 /home/moha/mohaApp/vendor/laravel/framework/src/Illuminate/Container/Util.php(40): Illuminate\\Container\\BoundMethod::Illuminate\\Container\\{closure}()
#15 /home/moha/mohaApp/vendor/laravel/framework/src/Illuminate/Container/BoundMethod.php(93): Illuminate\\Container\\Util::unwrapIfClosure()
#16 /home/moha/mohaApp/vendor/laravel/framework/src/Illuminate/Container/BoundMethod.php(37): Illuminate\\Container\\BoundMethod::callBoundMethod()
#17 /home/moha/mohaApp/vendor/laravel/framework/src/Illuminate/Container/Container.php(610): Illuminate\\Container\\BoundMethod::call()
#18 /home/moha/mohaApp/vendor/laravel/framework/src/Illuminate/Foundation/Application.php(869): Illuminate\\Container\\Container->call()
#19 /home/moha/mohaApp/vendor/laravel/framework/src/Illuminate/Foundation/Application.php(850): Illuminate\\Foundation\\Application->bootProvider()
#20 [internal function]: Illuminate\\Foundation\\Application->Illuminate\\Foundation\\{closure}()
#21 /home/moha/mohaApp/vendor/laravel/framework/src/Illuminate/Foundation/Application.php(851): array_walk()
#22 /home/moha/mohaApp/vendor/laravel/framework/src/Illuminate/Foundation/Bootstrap/BootProviders.php(17): Illuminate\\Foundation\\Application->boot()
#23 /home/moha/mohaApp/vendor/laravel/framework/src/Illuminate/Foundation/Application.php(230): Illuminate\\Foundation\\Bootstrap\\BootProviders->bootstrap()
#24 /home/moha/mohaApp/vendor/laravel/framework/src/Illuminate/Foundation/Http/Kernel.php(152): Illuminate\\Foundation\\Application->bootstrapWith()
#25 /home/moha/mohaApp/vendor/laravel/framework/src/Illuminate/Foundation/Http/Kernel.php(136): Illuminate\\Foundation\\Http\\Kernel->bootstrap()
#26 /home/moha/mohaApp/vendor/laravel/framework/src/Illuminate/Foundation/Http/Kernel.php(110): Illuminate\\Foundation\\Http\\Kernel->sendRequestThroughRouter()
#27 /home/moha/mohaApp/public/index.php(52): Illuminate\\Foundation\\Http\\Kernel->handle()
#28 /home/moha/mohaApp/server.php(21): require_once('/home/moha/moha...')
#29 {main}
"} 
[2021-01-15 14:23:16] local.ERROR: Please provide a valid cache path. {"exception":"[object] (InvalidArgumentException(code: 0): Please provide a valid cache path. at /home/moha/mohaApp/vendor/laravel/framework/src/Illuminate/View/Compilers/Compiler.php:36)
[stacktrace]
#0 /home/moha/mohaApp/vendor/laravel/framework/src/Illuminate/View/ViewServiceProvider.php(88): Illuminate\\View\\Compilers\\Compiler->__construct()
#1 /home/moha/mohaApp/vendor/laravel/framework/src/Illuminate/Container/Container.php(826): Illuminate\\View\\ViewServiceProvider->Illuminate\\View\\{closure}()
#2 /home/moha/mohaApp/vendor/laravel/framework/src/Illuminate/Container/Container.php(712): Illuminate\\Container\\Container->build()
#3 /home/moha/mohaApp/vendor/laravel/framework/src/Illuminate/Foundation/Application.php(796): Illuminate\\Container\\Container->resolve()
#4 /home/moha/mohaApp/vendor/laravel/framework/src/Illuminate/Container/Container.php(651): Illuminate\\Foundation\\Application->resolve()
#5 /home/moha/mohaApp/vendor/laravel/framework/src/Illuminate/Foundation/Application.php(781): Illuminate\\Container\\Container->make()
#6 /home/moha/mohaApp/vendor/laravel/framework/src/Illuminate/Container/Container.php(1354): Illuminate\\Foundation\\Application->make()
#7 /home/moha/mohaApp/vendor/laravel/framework/src/Illuminate/View/ViewServiceProvider.php(150): Illuminate\\Container\\Container->offsetGet()
#8 [internal function]: Illuminate\\View\\ViewServiceProvider->Illuminate\\View\\{closure}()
#9 /home/moha/mohaApp/vendor/laravel/framework/src/Illuminate/View/Engines/EngineResolver.php(55): call_user_func()
#10 /home/moha/mohaApp/vendor/facade/ignition/src/IgnitionServiceProvider.php(393): Illuminate\\View\\Engines\\EngineResolver->resolve()
#11 /home/moha/mohaApp/vendor/facade/ignition/src/IgnitionServiceProvider.php(125): Facade\\Ignition\\IgnitionServiceProvider->hasCustomViewEnginesRegistered()
#12 /home/moha/mohaApp/vendor/facade/ignition/src/IgnitionServiceProvider.php(84): Facade\\Ignition\\IgnitionServiceProvider->registerViewEngines()
#13 /home/moha/mohaApp/vendor/laravel/framework/src/Illuminate/Container/BoundMethod.php(36): Facade\\Ignition\\IgnitionServiceProvider->boot()
#14 /home/moha/mohaApp/vendor/laravel/framework/src/Illuminate/Container/Util.php(40): Illuminate\\Container\\BoundMethod::Illuminate\\Container\\{closure}()
#15 /home/moha/mohaApp/vendor/laravel/framework/src/Illuminate/Container/BoundMethod.php(93): Illuminate\\Container\\Util::unwrapIfClosure()
#16 /home/moha/mohaApp/vendor/laravel/framework/src/Illuminate/Container/BoundMethod.php(37): Illuminate\\Container\\BoundMethod::callBoundMethod()
#17 /home/moha/mohaApp/vendor/laravel/framework/src/Illuminate/Container/Container.php(610): Illuminate\\Container\\BoundMethod::call()
#18 /home/moha/mohaApp/vendor/laravel/framework/src/Illuminate/Foundation/Application.php(869): Illuminate\\Container\\Container->call()
#19 /home/moha/mohaApp/vendor/laravel/framework/src/Illuminate/Foundation/Application.php(850): Illuminate\\Foundation\\Application->bootProvider()
#20 [internal function]: Illuminate\\Foundation\\Application->Illuminate\\Foundation\\{closure}()
#21 /home/moha/mohaApp/vendor/laravel/framework/src/Illuminate/Foundation/Application.php(851): array_walk()
#22 /home/moha/mohaApp/vendor/laravel/framework/src/Illuminate/Foundation/Bootstrap/BootProviders.php(17): Illuminate\\Foundation\\Application->boot()
#23 /home/moha/mohaApp/vendor/laravel/framework/src/Illuminate/Foundation/Application.php(230): Illuminate\\Foundation\\Bootstrap\\BootProviders->bootstrap()
#24 /home/moha/mohaApp/vendor/laravel/framework/src/Illuminate/Foundation/Http/Kernel.php(152): Illuminate\\Foundation\\Application->bootstrapWith()
#25 /home/moha/mohaApp/vendor/laravel/framework/src/Illuminate/Foundation/Http/Kernel.php(136): Illuminate\\Foundation\\Http\\Kernel->bootstrap()
#26 /home/moha/mohaApp/vendor/laravel/framework/src/Illuminate/Foundation/Http/Kernel.php(110): Illuminate\\Foundation\\Http\\Kernel->sendRequestThroughRouter()
#27 /home/moha/mohaApp/public/index.php(52): Illuminate\\Foundation\\Http\\Kernel->handle()
#28 /home/moha/mohaApp/server.php(21): require_once('/home/moha/moha...')
#29 {main}
"} 
[2021-01-15 14:23:18] local.ERROR: Please provide a valid cache path. {"exception":"[object] (InvalidArgumentException(code: 0): Please provide a valid cache path. at /home/moha/mohaApp/vendor/laravel/framework/src/Illuminate/View/Compilers/Compiler.php:36)
[stacktrace]
#0 /home/moha/mohaApp/vendor/laravel/framework/src/Illuminate/View/ViewServiceProvider.php(88): Illuminate\\View\\Compilers\\Compiler->__construct()
#1 /home/moha/mohaApp/vendor/laravel/framework/src/Illuminate/Container/Container.php(826): Illuminate\\View\\ViewServiceProvider->Illuminate\\View\\{closure}()
#2 /home/moha/mohaApp/vendor/laravel/framework/src/Illuminate/Container/Container.php(712): Illuminate\\Container\\Container->build()
#3 /home/moha/mohaApp/vendor/laravel/framework/src/Illuminate/Foundation/Application.php(796): Illuminate\\Container\\Container->resolve()
#4 /home/moha/mohaApp/vendor/laravel/framework/src/Illuminate/Container/Container.php(651): Illuminate\\Foundation\\Application->resolve()
#5 /home/moha/mohaApp/vendor/laravel/framework/src/Illuminate/Foundation/Application.php(781): Illuminate\\Container\\Container->make()
#6 /home/moha/mohaApp/vendor/laravel/framework/src/Illuminate/Container/Container.php(1354): Illuminate\\Foundation\\Application->make()
#7 /home/moha/mohaApp/vendor/laravel/framework/src/Illuminate/View/ViewServiceProvider.php(150): Illuminate\\Container\\Container->offsetGet()
#8 [internal function]: Illuminate\\View\\ViewServiceProvider->Illuminate\\View\\{closure}()
#9 /home/moha/mohaApp/vendor/laravel/framework/src/Illuminate/View/Engines/EngineResolver.php(55): call_user_func()
#10 /home/moha/mohaApp/vendor/facade/ignition/src/IgnitionServiceProvider.php(393): Illuminate\\View\\Engines\\EngineResolver->resolve()
#11 /home/moha/mohaApp/vendor/facade/ignition/src/IgnitionServiceProvider.php(125): Facade\\Ignition\\IgnitionServiceProvider->hasCustomViewEnginesRegistered()
#12 /home/moha/mohaApp/vendor/facade/ignition/src/IgnitionServiceProvider.php(84): Facade\\Ignition\\IgnitionServiceProvider->registerViewEngines()
#13 /home/moha/mohaApp/vendor/laravel/framework/src/Illuminate/Container/BoundMethod.php(36): Facade\\Ignition\\IgnitionServiceProvider->boot()
#14 /home/moha/mohaApp/vendor/laravel/framework/src/Illuminate/Container/Util.php(40): Illuminate\\Container\\BoundMethod::Illuminate\\Container\\{closure}()
#15 /home/moha/mohaApp/vendor/laravel/framework/src/Illuminate/Container/BoundMethod.php(93): Illuminate\\Container\\Util::unwrapIfClosure()
#16 /home/moha/mohaApp/vendor/laravel/framework/src/Illuminate/Container/BoundMethod.php(37): Illuminate\\Container\\BoundMethod::callBoundMethod()
#17 /home/moha/mohaApp/vendor/laravel/framework/src/Illuminate/Container/Container.php(610): Illuminate\\Container\\BoundMethod::call()
#18 /home/moha/mohaApp/vendor/laravel/framework/src/Illuminate/Foundation/Application.php(869): Illuminate\\Container\\Container->call()
#19 /home/moha/mohaApp/vendor/laravel/framework/src/Illuminate/Foundation/Application.php(850): Illuminate\\Foundation\\Application->bootProvider()
#20 [internal function]: Illuminate\\Foundation\\Application->Illuminate\\Foundation\\{closure}()
#21 /home/moha/mohaApp/vendor/laravel/framework/src/Illuminate/Foundation/Application.php(851): array_walk()
#22 /home/moha/mohaApp/vendor/laravel/framework/src/Illuminate/Foundation/Bootstrap/BootProviders.php(17): Illuminate\\Foundation\\Application->boot()
#23 /home/moha/mohaApp/vendor/laravel/framework/src/Illuminate/Foundation/Application.php(230): Illuminate\\Foundation\\Bootstrap\\BootProviders->bootstrap()
#24 /home/moha/mohaApp/vendor/laravel/framework/src/Illuminate/Foundation/Http/Kernel.php(152): Illuminate\\Foundation\\Application->bootstrapWith()
#25 /home/moha/mohaApp/vendor/laravel/framework/src/Illuminate/Foundation/Http/Kernel.php(136): Illuminate\\Foundation\\Http\\Kernel->bootstrap()
#26 /home/moha/mohaApp/vendor/laravel/framework/src/Illuminate/Foundation/Http/Kernel.php(110): Illuminate\\Foundation\\Http\\Kernel->sendRequestThroughRouter()
#27 /home/moha/mohaApp/public/index.php(52): Illuminate\\Foundation\\Http\\Kernel->handle()
#28 /home/moha/mohaApp/server.php(21): require_once('/home/moha/moha...')
#29 {main}
"} 
[2021-01-15 14:23:18] local.ERROR: Please provide a valid cache path. {"exception":"[object] (InvalidArgumentException(code: 0): Please provide a valid cache path. at /home/moha/mohaApp/vendor/laravel/framework/src/Illuminate/View/Compilers/Compiler.php:36)
[stacktrace]
#0 /home/moha/mohaApp/vendor/laravel/framework/src/Illuminate/View/ViewServiceProvider.php(88): Illuminate\\View\\Compilers\\Compiler->__construct()
#1 /home/moha/mohaApp/vendor/laravel/framework/src/Illuminate/Container/Container.php(826): Illuminate\\View\\ViewServiceProvider->Illuminate\\View\\{closure}()
#2 /home/moha/mohaApp/vendor/laravel/framework/src/Illuminate/Container/Container.php(712): Illuminate\\Container\\Container->build()
#3 /home/moha/mohaApp/vendor/laravel/framework/src/Illuminate/Foundation/Application.php(796): Illuminate\\Container\\Container->resolve()
#4 /home/moha/mohaApp/vendor/laravel/framework/src/Illuminate/Container/Container.php(651): Illuminate\\Foundation\\Application->resolve()
#5 /home/moha/mohaApp/vendor/laravel/framework/src/Illuminate/Foundation/Application.php(781): Illuminate\\Container\\Container->make()
#6 /home/moha/mohaApp/vendor/laravel/framework/src/Illuminate/Container/Container.php(1354): Illuminate\\Foundation\\Application->make()
#7 /home/moha/mohaApp/vendor/laravel/framework/src/Illuminate/View/ViewServiceProvider.php(150): Illuminate\\Container\\Container->offsetGet()
#8 [internal function]: Illuminate\\View\\ViewServiceProvider->Illuminate\\View\\{closure}()
#9 /home/moha/mohaApp/vendor/laravel/framework/src/Illuminate/View/Engines/EngineResolver.php(55): call_user_func()
#10 /home/moha/mohaApp/vendor/facade/ignition/src/IgnitionServiceProvider.php(393): Illuminate\\View\\Engines\\EngineResolver->resolve()
#11 /home/moha/mohaApp/vendor/facade/ignition/src/IgnitionServiceProvider.php(125): Facade\\Ignition\\IgnitionServiceProvider->hasCustomViewEnginesRegistered()
#12 /home/moha/mohaApp/vendor/facade/ignition/src/IgnitionServiceProvider.php(84): Facade\\Ignition\\IgnitionServiceProvider->registerViewEngines()
#13 /home/moha/mohaApp/vendor/laravel/framework/src/Illuminate/Container/BoundMethod.php(36): Facade\\Ignition\\IgnitionServiceProvider->boot()
#14 /home/moha/mohaApp/vendor/laravel/framework/src/Illuminate/Container/Util.php(40): Illuminate\\Container\\BoundMethod::Illuminate\\Container\\{closure}()
#15 /home/moha/mohaApp/vendor/laravel/framework/src/Illuminate/Container/BoundMethod.php(93): Illuminate\\Container\\Util::unwrapIfClosure()
#16 /home/moha/mohaApp/vendor/laravel/framework/src/Illuminate/Container/BoundMethod.php(37): Illuminate\\Container\\BoundMethod::callBoundMethod()
#17 /home/moha/mohaApp/vendor/laravel/framework/src/Illuminate/Container/Container.php(610): Illuminate\\Container\\BoundMethod::call()
#18 /home/moha/mohaApp/vendor/laravel/framework/src/Illuminate/Foundation/Application.php(869): Illuminate\\Container\\Container->call()
#19 /home/moha/mohaApp/vendor/laravel/framework/src/Illuminate/Foundation/Application.php(850): Illuminate\\Foundation\\Application->bootProvider()
#20 [internal function]: Illuminate\\Foundation\\Application->Illuminate\\Foundation\\{closure}()
#21 /home/moha/mohaApp/vendor/laravel/framework/src/Illuminate/Foundation/Application.php(851): array_walk()
#22 /home/moha/mohaApp/vendor/laravel/framework/src/Illuminate/Foundation/Bootstrap/BootProviders.php(17): Illuminate\\Foundation\\Application->boot()
#23 /home/moha/mohaApp/vendor/laravel/framework/src/Illuminate/Foundation/Application.php(230): Illuminate\\Foundation\\Bootstrap\\BootProviders->bootstrap()
#24 /home/moha/mohaApp/vendor/laravel/framework/src/Illuminate/Foundation/Http/Kernel.php(152): Illuminate\\Foundation\\Application->bootstrapWith()
#25 /home/moha/mohaApp/vendor/laravel/framework/src/Illuminate/Foundation/Http/Kernel.php(136): Illuminate\\Foundation\\Http\\Kernel->bootstrap()
#26 /home/moha/mohaApp/vendor/laravel/framework/src/Illuminate/Foundation/Http/Kernel.php(110): Illuminate\\Foundation\\Http\\Kernel->sendRequestThroughRouter()
#27 /home/moha/mohaApp/public/index.php(52): Illuminate\\Foundation\\Http\\Kernel->handle()
#28 /home/moha/mohaApp/server.php(21): require_once('/home/moha/moha...')
#29 {main}
"} 
